<?xml version="1.0" encoding="UTF-8"?>
<!-- Generated by org.testng.reporters.JUnitReportReporter -->
<testsuite hostname="INLN50850223A" name="QueryLog.queryLogging" tests="1" failures="0" timestamp="3 Aug 2016 13:05:51 GMT" time="47.685" errors="0">
  <testcase name="validateQueryExecutions" time="47.685" classname="QueryLog.queryLogging"/>
</testsuite> <!-- QueryLog.queryLogging -->
