<?xml version="1.0" encoding="UTF-8"?>
<!-- Generated by org.testng.reporters.JUnitReportReporter -->
<testsuite name="test.Gurukul" tests="2" time="14.354" ignored="12" failures="0" timestamp="30 Dec 2016 10:01:23 GMT" skipped="0" hostname="INLN50944471A" errors="0">
  <testcase name="test_accountSettings" time="3.391" classname="test.Gurukul"/>
  <testcase name="test_login" time="10.963" classname="test.Gurukul"/>
  <testcase name="test_searchStaffAndDelete" classname="test.Gurukul">
    <skipped/>
  </testcase> <!-- test_searchStaffAndDelete -->
  <testcase name="test_validateEntitiesDropdownItems" classname="test.Gurukul">
    <skipped/>
  </testcase> <!-- test_validateEntitiesDropdownItems -->
  <testcase name="test_searchBranchAndDelete" classname="test.Gurukul">
    <skipped/>
  </testcase> <!-- test_searchBranchAndDelete -->
  <testcase name="test_validateAccountDropdownItems" classname="test.Gurukul">
    <skipped/>
  </testcase> <!-- test_validateAccountDropdownItems -->
  <testcase name="test_pagination" classname="test.Gurukul">
    <skipped/>
  </testcase> <!-- test_pagination -->
  <testcase name="test_logout" classname="test.Gurukul">
    <skipped/>
  </testcase> <!-- test_logout -->
  <testcase name="test_staffAdd" classname="test.Gurukul">
    <skipped/>
  </testcase> <!-- test_staffAdd -->
  <testcase name="test_validateMenuBarItems" classname="test.Gurukul">
    <skipped/>
  </testcase> <!-- test_validateMenuBarItems -->
  <testcase name="test_registerNewUser" classname="test.Gurukul">
    <skipped/>
  </testcase> <!-- test_registerNewUser -->
  <testcase name="test_searchAndClickPageButton" classname="test.Gurukul">
    <skipped/>
  </testcase> <!-- test_searchAndClickPageButton -->
  <testcase name="test_createStaff" classname="test.Gurukul">
    <skipped/>
  </testcase> <!-- test_createStaff -->
  <testcase name="test_createBranches" classname="test.Gurukul">
    <skipped/>
  </testcase> <!-- test_createBranches -->
</testsuite> <!-- test.Gurukul -->
