<?xml version="1.0" encoding="UTF-8"?>
<!-- Generated by org.testng.reporters.JUnitReportReporter -->
<testsuite name="test.Gurukul" tests="2" time="15.177" ignored="11" failures="1" timestamp="30 Dec 2016 04:40:38 GMT" skipped="0" hostname="INLN50944471A" errors="0">
  <testcase name="test_login" time="10.452" classname="test.Gurukul"/>
  <testcase name="test_searchAndClickPageButton" time="4.725" classname="test.Gurukul">
    <failure type="java.lang.AssertionError" message="The first button is displayed expected [false] but found [true]">
      <![CDATA[java.lang.AssertionError: The first button is displayed expected [false] but found [true]
	at org.testng.Assert.fail(Assert.java:94)
	at org.testng.Assert.failNotEquals(Assert.java:513)
	at org.testng.Assert.assertFalse(Assert.java:63)
	at test.Gurukul.test_searchAndClickPageButton(Gurukul.java:328)
	at sun.reflect.NativeMethodAccessorImpl.invoke0(Native Method)
	at sun.reflect.NativeMethodAccessorImpl.invoke(Unknown Source)
	at sun.reflect.DelegatingMethodAccessorImpl.invoke(Unknown Source)
	at java.lang.reflect.Method.invoke(Unknown Source)
	at org.testng.internal.MethodInvocationHelper.invokeMethod(MethodInvocationHelper.java:104)
	at org.testng.internal.Invoker.invokeMethod(Invoker.java:645)
	at org.testng.internal.Invoker.invokeTestMethod(Invoker.java:851)
	at org.testng.internal.Invoker.invokeTestMethods(Invoker.java:1177)
	at org.testng.internal.TestMethodWorker.invokeTestMethods(TestMethodWorker.java:129)
	at org.testng.internal.TestMethodWorker.run(TestMethodWorker.java:112)
	at org.testng.TestRunner.privateRun(TestRunner.java:756)
	at org.testng.TestRunner.run(TestRunner.java:610)
	at org.testng.SuiteRunner.runTest(SuiteRunner.java:387)
	at org.testng.SuiteRunner.runSequentially(SuiteRunner.java:382)
	at org.testng.SuiteRunner.privateRun(SuiteRunner.java:340)
	at org.testng.SuiteRunner.run(SuiteRunner.java:289)
	at org.testng.SuiteRunnerWorker.runSuite(SuiteRunnerWorker.java:52)
	at org.testng.SuiteRunnerWorker.run(SuiteRunnerWorker.java:86)
	at org.testng.TestNG.runSuitesSequentially(TestNG.java:1293)
	at org.testng.TestNG.runSuitesLocally(TestNG.java:1218)
	at org.testng.TestNG.runSuites(TestNG.java:1133)
	at org.testng.TestNG.run(TestNG.java:1104)
	at org.testng.remote.AbstractRemoteTestNG.run(AbstractRemoteTestNG.java:132)
	at org.testng.remote.RemoteTestNG.initAndRun(RemoteTestNG.java:236)
	at org.testng.remote.RemoteTestNG.main(RemoteTestNG.java:81)
]]>
    </failure>
  </testcase> <!-- test_searchAndClickPageButton -->
  <testcase name="test_searchStaffAndDelete" classname="test.Gurukul">
    <skipped/>
  </testcase> <!-- test_searchStaffAndDelete -->
  <testcase name="test_validateEntitiesDropdownItems" classname="test.Gurukul">
    <skipped/>
  </testcase> <!-- test_validateEntitiesDropdownItems -->
  <testcase name="test_searchBranchAndDelete" classname="test.Gurukul">
    <skipped/>
  </testcase> <!-- test_searchBranchAndDelete -->
  <testcase name="test_validateAccountDropdownItems" classname="test.Gurukul">
    <skipped/>
  </testcase> <!-- test_validateAccountDropdownItems -->
  <testcase name="test_pagination" classname="test.Gurukul">
    <skipped/>
  </testcase> <!-- test_pagination -->
  <testcase name="test_logout" classname="test.Gurukul">
    <skipped/>
  </testcase> <!-- test_logout -->
  <testcase name="test_staffAdd" classname="test.Gurukul">
    <skipped/>
  </testcase> <!-- test_staffAdd -->
  <testcase name="test_validateMenuBarItems" classname="test.Gurukul">
    <skipped/>
  </testcase> <!-- test_validateMenuBarItems -->
  <testcase name="test_registerNewUser" classname="test.Gurukul">
    <skipped/>
  </testcase> <!-- test_registerNewUser -->
  <testcase name="test_createStaff" classname="test.Gurukul">
    <skipped/>
  </testcase> <!-- test_createStaff -->
  <testcase name="test_createBranches" classname="test.Gurukul">
    <skipped/>
  </testcase> <!-- test_createBranches -->
</testsuite> <!-- test.Gurukul -->
